TASK [splunk_common : Check for existing splunk secret] ************************
[0;32mok: [localhost][0m
Saturday 11 April 2026  15:20:08 +0000 (0:00:00.637)       0:00:06.799 ******** 

TASK [splunk_common : Set first run fact] **************************************
[0;32mok: [localhost][0m
Saturday 11 April 2026  15:20:08 +0000 (0:00:00.068)       0:00:06.868 ******** 

TASK [splunk_common : Set splunk_build_type fact] ******************************
[0;36mincluded: /opt/ansible/roles/splunk_common/tasks/get_facts_build_type.yml for localhost[0m
Saturday 11 April 2026  15:20:08 +0000 (0:00:00.053)       0:00:06.922 ******** 
Saturday 11 April 2026  15:20:08 +0000 (0:00:00.033)       0:00:06.956 ******** 
Saturday 11 April 2026  15:20:08 +0000 (0:00:00.058)       0:00:07.015 ******** 
Saturday 11 April 2026  15:20:08 +0000 (0:00:00.057)       0:00:07.073 ******** 
Saturday 11 April 2026  15:20:09 +0000 (0:00:00.058)       0:00:07.131 ******** 
Saturday 11 April 2026  15:20:09 +0000 (0:00:00.057)       0:00:07.188 ******** 

TASK [splunk_common : Set target version fact] *********************************
[0;36mincluded: /opt/ansible/roles/splunk_common/tasks/get_facts_target_version.yml for localhost[0m
Saturday 11 April 2026  15:20:09 +0000 (0:00:00.078)       0:00:07.266 ******** 
Saturday 11 April 2026  15:20:09 +0000 (0:00:00.051)       0:00:07.318 ******** 
Saturday 11 April 2026  15:20:09 +0000 (0:00:00.054)       0:00:07.373 ******** 
Saturday 11 April 2026  15:20:09 +0000 (0:00:00.061)       0:00:07.434 ******** 

TASK [splunk_common : Find manifests] ******************************************
[0;32mok: [localhost][0m
Saturday 11 April 2026  15:20:09 +0000 (0:00:00.676)       0:00:08.110 ******** 

TASK [splunk_common : Set current version fact] ********************************
[0;32mok: [localhost][0m
Saturday 11 April 2026  15:20:10 +0000 (0:00:00.090)       0:00:08.201 ******** 
Saturday 11 April 2026  15:20:10 +0000 (0:00:00.072)       0:00:08.274 ******** 

TASK [splunk_common : Setting upgrade fact] ************************************
[0;32mok: [localhost][0m
Saturday 11 April 2026  15:20:10 +0000 (0:00:00.067)       0:00:08.341 ******** 

TASK [splunk_common : Setting indexer cluster fact from config] ****************
[0;32mok: [localhost][0m
Saturday 11 April 2026  15:20:10 +0000 (0:00:00.067)       0:00:08.409 ******** 

TASK [splunk_common : Setting search head cluster fact from config] ************
[0;32mok: [localhost][0m
Saturday 11 April 2026  15:20:10 +0000 (0:00:00.079)       0:00:08.488 ******** 
Saturday 11 April 2026  15:20:10 +0000 (0:00:00.033)       0:00:08.522 ******** 
Saturday 11 April 2026  15:20:10 +0000 (0:00:00.052)       0:00:08.574 ******** 
Saturday 11 April 2026  15:20:10 +0000 (0:00:00.058)       0:00:08.633 ******** 

TASK [splunk_common : Detect service name] *************************************
[0;36mincluded: /opt/ansible/roles/splunk_common/tasks/get_facts_service_name.yml for localhost[0m
Saturday 11 April 2026  15:20:10 +0000 (0:00:00.065)       0:00:08.699 ******** 

TASK [splunk_common : Setting service_name fact from config] *******************
[0;32mok: [localhost][0m
Saturday 11 April 2026  15:20:10 +0000 (0:00:00.070)       0:00:08.769 ******** 
Saturday 11 April 2026  15:20:10 +0000 (0:00:00.056)       0:00:08.825 ******** 
Saturday 11 April 2026  15:20:10 +0000 (0:00:00.053)       0:00:08.879 ******** 
Saturday 11 April 2026  15:20:10 +0000 (0:00:00.050)       0:00:08.930 ******** 
Saturday 11 April 2026  15:20:10 +0000 (0:00:00.050)       0:00:08.981 ******** 
Saturday 11 April 2026  15:20:10 +0000 (0:00:00.051)       0:00:09.033 ******** 

TASK [splunk_common : include_tasks] *******************************************
[0;36mincluded: /opt/ansible/roles/splunk_common/tasks/install_python_requirements.yml for localhost[0m
Saturday 11 April 2026  15:20:10 +0000 (0:00:00.066)       0:00:09.099 ******** 

TASK [splunk_common : Check if requests_unixsocket exists] *********************
[0;33mchanged: [localhost][0m
Saturday 11 April 2026  15:20:13 +0000 (0:00:02.109)       0:00:11.209 ******** 
Saturday 11 April 2026  15:20:13 +0000 (0:00:00.049)       0:00:11.259 ******** 
Saturday 11 April 2026  15:20:13 +0000 (0:00:00.050)       0:00:11.309 ******** 
Saturday 11 April 2026  15:20:13 +0000 (0:00:00.078)       0:00:11.388 ******** 
Saturday 11 April 2026  15:20:13 +0000 (0:00:00.054)       0:00:11.442 ******** 

TASK [splunk_common : include_tasks] *******************************************
[0;36mincluded: /opt/ansible/roles/splunk_common/tasks/change_splunk_directory_owner.yml for localhost[0m
Saturday 11 April 2026  15:20:13 +0000 (0:00:00.118)       0:00:11.560 ******** 

TASK [splunk_common : Update Splunk directory owner] ***************************
[0;33mchanged: [localhost][0m
Saturday 11 April 2026  15:20:16 +0000 (0:00:03.460)       0:00:15.021 ******** 

TASK [splunk_common : include_tasks] *******************************************
[0;36mincluded: /opt/ansible/roles/splunk_common/tasks/update_etc.yml for localhost[0m
Saturday 11 April 2026  15:20:16 +0000 (0:00:00.091)       0:00:15.112 ******** 

TASK [splunk_common : Check if /sbin/updateetc.sh exists] **********************
[0;32mok: [localhost][0m
Saturday 11 April 2026  15:20:17 +0000 (0:00:00.522)       0:00:15.634 ******** 

TASK [splunk_common : Update /opt/splunk/etc] **********************************
[0;33mchanged: [localhost][0m
Saturday 11 April 2026  15:20:22 +0000 (0:00:05.025)       0:00:20.660 ******** 
Saturday 11 April 2026  15:20:22 +0000 (0:00:00.076)       0:00:20.737 ******** 
[0;35m[DEPRECATION WARNING]: Conditional result at location [0m
[0;35m/opt/ansible/roles/splunk_common/tasks/main.yml 26:7 was of type 'NoneType'. [0m
[0;35mConditional results should only be True or False. The result was interpreted as[0m
[0;35m False. This feature will be removed in version 2.19. Deprecation warnings can [0m
[0;35mbe disabled by setting deprecation_warnings=False in ansible.cfg.[0m
Saturday 11 April 2026  15:20:22 +0000 (0:00:00.082)       0:00:20.820 ******** 
Saturday 11 April 2026  15:20:22 +0000 (0:00:00.040)       0:00:20.860 ******** 
Saturday 11 April 2026  15:20:22 +0000 (0:00:00.063)       0:00:20.923 ******** 
Saturday 11 April 2026  15:20:22 +0000 (0:00:00.064)       0:00:20.988 ******** 

TASK [splunk_common : include_tasks] *******************************************
[0;36mincluded: /opt/ansible/roles/splunk_common/tasks/remove_first_login.yml for localhost[0m
Saturday 11 April 2026  15:20:23 +0000 (0:00:00.125)       0:00:21.114 ******** 

TASK [splunk_common : Create .ui_login] ****************************************
[0;33mchanged: [localhost][0m
Saturday 11 April 2026  15:20:23 +0000 (0:00:00.736)       0:00:21.851 ******** 
[0;35m[DEPRECATION WARNING]: Conditional result at location [0m
[0;35m/opt/ansible/roles/splunk_common/tasks/main.yml 48:7 was of type 'NoneType'. [0m
[0;35mConditional results should only be True or False. The result was interpreted as[0m
[0;35m False. This feature will be removed in version 2.19. Deprecation warnings can [0m
[0;35mbe disabled by setting deprecation_warnings=False in ansible.cfg.[0m
Saturday 11 April 2026  15:20:23 +0000 (0:00:00.074)       0:00:21.925 ******** 

TASK [splunk_common : include_tasks] *******************************************
[0;36mincluded: /opt/ansible/roles/splunk_common/tasks/set_splunk_secret.yml for localhost[0m
Saturday 11 April 2026  15:20:23 +0000 (0:00:00.088)       0:00:22.013 ******** 
[0;35m[DEPRECATION WARNING]: Conditional result at location [0m
[0;35m/opt/ansible/roles/splunk_common/tasks/set_splunk_secret.yml 11:7 was of type [0m
[0;35m'NoneType'. Conditional results should only be True or False. The result was [0m
[0;35minterpreted as False. This feature will be removed in version 2.19. Deprecation[0m
[0;35m warnings can be disabled by setting deprecation_warnings=False in ansible.cfg.[0m
Saturday 11 April 2026  15:20:23 +0000 (0:00:00.059)       0:00:22.073 ******** 
[0;35m[DEPRECATION WARNING]: Conditional result at location [0m
[0;35m/opt/ansible/roles/splunk_common/tasks/set_splunk_secret.yml 24:7 was of type [0m
[0;35m'NoneType'. Conditional results should only be True or False. The result was [0m
[0;35minterpreted as False. This feature will be removed in version 2.19. Deprecation[0m
[0;35m warnings can be disabled by setting deprecation_warnings=False in ansible.cfg.[0m
Saturday 11 April 2026  15:20:24 +0000 (0:00:00.058)       0:00:22.131 ******** 
[0;35m[DEPRECATION WARNING]: Conditional result at location [0m
[0;35m/opt/ansible/roles/splunk_common/tasks/main.yml 54:9 was of type 'NoneType'. [0m
[0;35mConditional results should only be True or False. The result was interpreted as[0m
[0;35m False. This feature will be removed in version 2.19. Deprecation warnings can [0m
[0;35mbe disabled by setting deprecation_warnings=False in ansible.cfg.[0m
Saturday 11 April 2026  15:20:24 +0000 (0:00:00.044)       0:00:22.176 ******** 

TASK [splunk_common : include_tasks] *******************************************
[0;36mincluded: /opt/ansible/roles/splunk_common/tasks/enable_admin_auth.yml for localhost[0m
Saturday 11 April 2026  15:20:24 +0000 (0:00:00.188)       0:00:22.365 ******** 

TASK [splunk_common : Hash the password] ***************************************
[0;33mchanged: [localhost][0m
Saturday 11 April 2026  15:20:26 +0000 (0:00:02.017)       0:00:24.382 ******** 

TASK [splunk_common : Generate user-seed.conf (Linux)] *************************
[0;33mchanged: [localhost] => (item=USERNAME)[0m
[0;33mchanged: [localhost] => (item=HASHED_PASSWORD)[0m
Saturday 11 April 2026  15:20:27 +0000 (0:00:01.559)       0:00:25.942 ******** 
Saturday 11 April 2026  15:20:27 +0000 (0:00:00.073)       0:00:26.016 ******** 
Saturday 11 April 2026  15:20:27 +0000 (0:00:00.090)       0:00:26.107 ******** 
Saturday 11 April 2026  15:20:28 +0000 (0:00:00.062)       0:00:26.169 ******** 
Saturday 11 April 2026  15:20:28 +0000 (0:00:00.059)       0:00:26.229 ******** 

TASK [splunk_common : include_tasks] *******************************************
[0;36mincluded: /opt/ansible/roles/splunk_common/tasks/configure_mgmt_port.yml for localhost[0m
Saturday 11 April 2026  15:20:28 +0000 (0:00:00.080)       0:00:26.310 ******** 

TASK [splunk_common : set version fact] ****************************************
[0;32mok: [localhost][0m
Saturday 11 April 2026  15:20:28 +0000 (0:00:00.077)       0:00:26.388 ******** 
Saturday 11 April 2026  15:20:28 +0000 (0:00:00.035)       0:00:26.423 ******** 
Saturday 11 April 2026  15:20:28 +0000 (0:00:00.037)       0:00:26.461 ******** 
[0;35m[DEPRECATION WARNING]: Conditional result at location [0m
[0;35m/opt/ansible/roles/splunk_common/tasks/main.yml 62:7 was of type 'dict'. [0m
[0;35mConditional results should only be True or False. The result was interpreted as[0m
[0;35m False. This feature will be removed in version 2.19. Deprecation warnings can [0m
[0;35mbe disabled by setting deprecation_warnings=False in ansible.cfg.[0m
Saturday 11 April 2026  15:20:28 +0000 (0:00:00.041)       0:00:26.502 ******** 

TASK [splunk_common : include_tasks] *******************************************
[0;36mincluded: /opt/ansible/roles/splunk_common/tasks/pre_splunk_start_commands.yml for localhost[0m
Saturday 11 April 2026  15:20:28 +0000 (0:00:00.117)       0:00:26.619 ******** 
Saturday 11 April 2026  15:20:28 +0000 (0:00:00.053)       0:00:26.673 ******** 
[0;35m[DEPRECATION WARNING]: Conditional result at location [0m
[0;35m/opt/ansible/roles/splunk_common/tasks/main.yml 70:7 was of type 'int'. [0m
[0;35mConditional results should only be True or False. The result was interpreted as[0m
[0;35m True. This feature will be removed in version 2.19. Deprecation warnings can [0m
[0;35mbe disabled by setting deprecation_warnings=False in ansible.cfg.[0m

TASK [splunk_common : include_tasks] *******************************************
[0;36mincluded: /opt/ansible/roles/splunk_common/tasks/enable_s2s.yml for localhost[0m
Saturday 11 April 2026  15:20:28 +0000 (0:00:00.095)       0:00:26.768 ******** 
Saturday 11 April 2026  15:20:28 +0000 (0:00:00.064)       0:00:26.832 ******** 

TASK [splunk_common : include_tasks] *******************************************
[0;36mincluded: /opt/ansible/roles/splunk_common/tasks/s2s/configure_splunktcp.yml for localhost[0m
Saturday 11 April 2026  15:20:28 +0000 (0:00:00.090)       0:00:26.922 ******** 

TASK [splunk_common : Enable splunktcp input] **********************************
[0;33mchanged: [localhost][0m
Saturday 11 April 2026  15:20:29 +0000 (0:00:00.548)       0:00:27.471 ******** 

TASK [splunk_common : Remove splunktcp-ssl input] ******************************
[0;32mok: [localhost][0m
Saturday 11 April 2026  15:20:29 +0000 (0:00:00.566)       0:00:28.037 ******** 

TASK [splunk_common : Remove input SSL settings] *******************************
[0;32mok: [localhost][0m
Saturday 11 April 2026  15:20:30 +0000 (0:00:00.551)       0:00:28.588 ******** 

TASK [splunk_common : Reset root CA] *******************************************
[0;32mok: [localhost][0m
Saturday 11 April 2026  15:20:31 +0000 (0:00:00.577)       0:00:29.166 ******** 

TASK [splunk_common : include_tasks] *******************************************
[0;36mincluded: /opt/ansible/roles/splunk_common/tasks/trigger_restart.yml for localhost[0m
Saturday 11 April 2026  15:20:31 +0000 (0:00:00.075)       0:00:29.242 ******** 

TASK [splunk_common : include_tasks] *******************************************
[0;36mincluded: /opt/ansible/roles/splunk_common/tasks/get_splunk_status.yml for localhost[0m
Saturday 11 April 2026  15:20:31 +0000 (0:00:00.047)       0:00:29.289 ******** 

TASK [splunk_common : Restrict permissions on splunk.key for Status] ***********
[0;36mincluded: /opt/ansible/roles/splunk_common/tasks/restrict_permissions.yml for localhost => (item=/opt/splunk/var/lib/splunk/kvstore/mongo/splunk.key)[0m
Saturday 11 April 2026  15:20:31 +0000 (0:00:00.060)       0:00:29.350 ******** 

TASK [splunk_common : Check if /opt/splunk/var/lib/splunk/kvstore/mongo/splunk.key exists] ***
[0;32mok: [localhost][0m
Saturday 11 April 2026  15:20:31 +0000 (0:00:00.531)       0:00:29.881 ******** 
Saturday 11 April 2026  15:20:31 +0000 (0:00:00.038)       0:00:29.919 ******** 

TASK [splunk_common : Get Splunk status] ***************************************
[0;32mok: [localhost][0m
Saturday 11 April 2026  15:20:35 +0000 (0:00:03.587)       0:00:33.507 ******** 

TASK [splunk_common : Trigger restart] *****************************************
[0;32mok: [localhost][0m
Saturday 11 April 2026  15:20:36 +0000 (0:00:00.610)       0:00:34.118 ******** 
Saturday 11 April 2026  15:20:36 +0000 (0:00:00.049)       0:00:34.167 ******** 
Saturday 11 April 2026  15:20:36 +0000 (0:00:00.071)       0:00:34.239 ******** 

TASK [splunk_common : include_tasks] *******************************************
[0;36mincluded: /opt/ansible/roles/splunk_common/tasks/set_mgmt_port.yml for localhost[0m
Saturday 11 April 2026  15:20:36 +0000 (0:00:00.090)       0:00:34.329 ******** 

TASK [splunk_common : Set localhost address for mgmt port] *********************
[0;32mok: [localhost][0m
Saturday 11 April 2026  15:20:36 +0000 (0:00:00.070)       0:00:34.399 ******** 

TASK [splunk_common : Set mgmt port] *******************************************
[0;33mchanged: [localhost][0m
Saturday 11 April 2026  15:20:36 +0000 (0:00:00.568)       0:00:34.968 ******** 
Saturday 11 April 2026  15:20:36 +0000 (0:00:00.053)       0:00:35.022 ******** 
Saturday 11 April 2026  15:20:36 +0000 (0:00:00.048)       0:00:35.070 ******** 
[0;35m[DEPRECATION WARNING]: Conditional result at location [0m
[0;35m/opt/ansible/roles/splunk_common/tasks/main.yml 85:9 was of type 'NoneType'. [0m
[0;35mConditional results should only be True or False. The result was interpreted as[0m
[0;35m False. This feature will be removed in version 2.19. Deprecation warnings can [0m
[0;35mbe disabled by setting deprecation_warnings=False in ansible.cfg.[0m
Saturday 11 April 2026  15:20:36 +0000 (0:00:00.042)       0:00:35.112 ******** 
Saturday 11 April 2026  15:20:37 +0000 (0:00:00.067)       0:00:35.180 ******** 
Saturday 11 April 2026  15:20:37 +0000 (0:00:00.068)       0:00:35.248 ******** 
Saturday 11 April 2026  15:20:37 +0000 (0:00:00.062)       0:00:35.311 ******** 
Saturday 11 April 2026  15:20:37 +0000 (0:00:00.086)       0:00:35.397 ******** 
[0;35m[DEPRECATION WARNING]: Conditional result at location [0m
[0;35m/opt/ansible/roles/splunk_common/tasks/main.yml 109:9 was of type 'dict'. [0m
[0;35mConditional results should only be True or False. The result was interpreted as[0m
[0;35m True. This feature will be removed in version 2.19. Deprecation warnings can [0m
[0;35mbe disabled by setting deprecation_warnings=False in ansible.cfg.[0m

TASK [splunk_common : include_tasks] *******************************************
[0;36mincluded: /opt/ansible/roles/splunk_common/tasks/enable_splunkd_ssl.yml for localhost[0m
Saturday 11 April 2026  15:20:37 +0000 (0:00:00.114)       0:00:35.512 ******** 

TASK [splunk_common : Enable Splunkd SSL] **************************************
[0;32mok: [localhost][0m
Saturday 11 April 2026  15:20:37 +0000 (0:00:00.536)       0:00:36.049 ******** 
[0;35m[DEPRECATION WARNING]: Conditional result at location [0m
[0;35m/opt/ansible/roles/splunk_common/tasks/enable_splunkd_ssl.yml 26:9 was of type [0m
[0;35m'NoneType'. Conditional results should only be True or False. The result was [0m
[0;35minterpreted as False. This feature will be removed in version 2.19. Deprecation[0m
[0;35m warnings can be disabled by setting deprecation_warnings=False in ansible.cfg.[0m
Saturday 11 April 2026  15:20:37 +0000 (0:00:00.036)       0:00:36.085 ******** 
[0;35m[DEPRECATION WARNING]: Conditional result at location [0m
[0;35m/opt/ansible/roles/splunk_common/tasks/enable_splunkd_ssl.yml 38:9 was of type [0m
[0;35m'NoneType'. Conditional results should only be True or False. The result was [0m
[0;35minterpreted as False. This feature will be removed in version 2.19. Deprecation[0m
[0;35m warnings can be disabled by setting deprecation_warnings=False in ansible.cfg.[0m
Saturday 11 April 2026  15:20:38 +0000 (0:00:00.035)       0:00:36.121 ******** 
[0;35m[DEPRECATION WARNING]: Conditional result at location [0m
[0;35m/opt/ansible/roles/splunk_common/tasks/enable_splunkd_ssl.yml 50:9 was of type [0m
[0;35m'NoneType'. Conditional results should only be True or False. The result was [0m
[0;35minterpreted as False. This feature will be removed in version 2.19. Deprecation[0m
[0;35m warnings can be disabled by setting deprecation_warnings=False in ansible.cfg.[0m
Saturday 11 April 2026  15:20:38 +0000 (0:00:00.036)       0:00:36.158 ******** 
[0;35m[DEPRECATION WARNING]: Conditional result at location [0m
[0;35m/opt/ansible/roles/splunk_common/tasks/main.yml 113:7 was of type 'int'. [0m
[0;35mConditional results should only be True or False. The result was interpreted as[0m
[0;35m False. This feature will be removed in version 2.19. Deprecation warnings can [0m
[0;35mbe disabled by setting deprecation_warnings=False in ansible.cfg.[0m
Saturday 11 April 2026  15:20:38 +0000 (0:00:00.036)       0:00:36.194 ******** 
Saturday 11 April 2026  15:20:38 +0000 (0:00:00.078)       0:00:36.273 ******** 
Saturday 11 April 2026  15:20:38 +0000 (0:00:00.083)       0:00:36.356 ******** 
Saturday 11 April 2026  15:20:38 +0000 (0:00:00.034)       0:00:36.390 ******** 

TASK [splunk_common : include_tasks] *******************************************
[0;36mincluded: /opt/ansible/roles/splunk_common/tasks/start_splunk.yml for localhost[0m
Saturday 11 April 2026  15:20:38 +0000 (0:00:00.103)       0:00:36.494 ******** 

TASK [splunk_common : include_tasks] *******************************************
[0;36mincluded: /opt/ansible/roles/splunk_common/tasks/get_splunk_status.yml for localhost[0m
Saturday 11 April 2026  15:20:38 +0000 (0:00:00.041)       0:00:36.536 ******** 

TASK [splunk_common : Restrict permissions on splunk.key for Status] ***********
[0;36mincluded: /opt/ansible/roles/splunk_common/tasks/restrict_permissions.yml for localhost => (item=/opt/splunk/var/lib/splunk/kvstore/mongo/splunk.key)[0m
Saturday 11 April 2026  15:20:38 +0000 (0:00:00.055)       0:00:36.591 ******** 

TASK [splunk_common : Check if /opt/splunk/var/lib/splunk/kvstore/mongo/splunk.key exists] ***
[0;32mok: [localhost][0m
Saturday 11 April 2026  15:20:39 +0000 (0:00:00.528)       0:00:37.119 ******** 
Saturday 11 April 2026  15:20:39 +0000 (0:00:00.033)       0:00:37.153 ******** 

TASK [splunk_common : Get Splunk status] ***************************************
[0;32mok: [localhost][0m
Saturday 11 April 2026  15:20:39 +0000 (0:00:00.548)       0:00:37.702 ******** 

TASK [splunk_common : Cleanup Splunk runtime files] ****************************
[0;32mok: [localhost] => (item=/opt/splunk/var/run/splunk/splunkd.pid)[0m
[0;32mok: [localhost] => (item=/opt/splunk/var/lib/splunk/kvstore/mongo/mongod.lock)[0m
Saturday 11 April 2026  15:20:40 +0000 (0:00:01.096)       0:00:38.799 ******** 

TASK [splunk_common : Restrict permissions on splunk.key] **********************
[0;36mincluded: /opt/ansible/roles/splunk_common/tasks/restrict_permissions.yml for localhost => (item=/opt/splunk/var/lib/splunk/kvstore/mongo/splunk.key)[0m
Saturday 11 April 2026  15:20:40 +0000 (0:00:00.058)       0:00:38.857 ******** 

TASK [splunk_common : Check if /opt/splunk/var/lib/splunk/kvstore/mongo/splunk.key exists] ***
[0;32mok: [localhost][0m
Saturday 11 April 2026  15:20:41 +0000 (0:00:00.538)       0:00:39.395 ******** 
Saturday 11 April 2026  15:20:41 +0000 (0:00:00.042)       0:00:39.438 ******** 

TASK [splunk_common : Start Splunk via CLI] ************************************
[0;33mchanged: [localhost][0m
Saturday 11 April 2026  15:21:43 +0000 (0:01:02.497)       0:01:41.935 ******** 
Saturday 11 April 2026  15:21:43 +0000 (0:00:00.134)       0:01:42.069 ******** 
Saturday 11 April 2026  15:21:44 +0000 (0:00:00.128)       0:01:42.198 ******** 

TASK [splunk_common : include_tasks] *******************************************
[0;36mincluded: /opt/ansible/roles/splunk_common/tasks/check_uds_file.yml for localhost[0m
Saturday 11 April 2026  15:21:44 +0000 (0:00:00.267)       0:01:42.465 ******** 

TASK [splunk_common : Check if UDS file exists] ********************************
[0;32mok: [localhost][0m
Saturday 11 April 2026  15:21:46 +0000 (0:00:01.883)       0:01:44.349 ******** 

TASK [splunk_common : Set UDS enabled/disabled] ********************************
[0;32mok: [localhost][0m
Saturday 11 April 2026  15:21:46 +0000 (0:00:00.123)       0:01:44.472 ******** 

TASK [splunk_common : Wait for splunkd management port] ************************
[0;32mok: [localhost][0m
Saturday 11 April 2026  15:21:47 +0000 (0:00:01.361)       0:01:45.834 ******** 
Saturday 11 April 2026  15:21:47 +0000 (0:00:00.011)       0:01:45.845 ******** 

TASK [splunk_common : include_tasks] *******************************************
[0;36mincluded: /opt/ansible/roles/splunk_common/tasks/set_certificate_prefix.yml for localhost[0m
Saturday 11 April 2026  15:21:47 +0000 (0:00:00.266)       0:01:46.112 ******** 

TASK [splunk_common : Test basic https endpoint] *******************************
[0;32mok: [localhost][0m
Saturday 11 April 2026  15:21:50 +0000 (0:00:02.542)       0:01:48.655 ******** 

TASK [splunk_common : Set url prefix for future REST calls] ********************
[0;32mok: [localhost][0m
Saturday 11 April 2026  15:21:50 +0000 (0:00:00.110)       0:01:48.766 ******** 

TASK [splunk_common : include_tasks] *******************************************
[0;36mincluded: /opt/ansible/roles/splunk_common/tasks/clean_user_seed.yml for localhost[0m
Saturday 11 April 2026  15:21:50 +0000 (0:00:00.144)       0:01:48.910 ******** 

TASK [splunk_common : Remove user-seed.conf] ***********************************
[0;32mok: [localhost][0m
Saturday 11 April 2026  15:21:51 +0000 (0:00:00.964)       0:01:49.875 ******** 

TASK [splunk_common : include_tasks] *******************************************
[0;36mincluded: /opt/ansible/roles/splunk_common/tasks/add_splunk_license.yml for localhost[0m
Saturday 11 April 2026  15:21:51 +0000 (0:00:00.156)       0:01:50.031 ******** 

TASK [splunk_common : Initialize licenses array] *******************************
[0;32mok: [localhost][0m
Saturday 11 April 2026  15:21:52 +0000 (0:00:00.139)       0:01:50.171 ******** 
[0;35m[DEPRECATION WARNING]: Conditional result at location [0m
[0;35m/opt/ansible/roles/splunk_common/tasks/add_splunk_license.yml 10:9 was of type [0m
[0;35m'str'. Conditional results should only be True or False. The result was [0m
[0;35minterpreted as True. This feature will be removed in version 2.19. Deprecation [0m
[0;35mwarnings can be disabled by setting deprecation_warnings=False in ansible.cfg.[0m

TASK [splunk_common : Determine available licenses] ****************************
[0;32mok: [localhost] => (item=splunk.lic)[0m
Saturday 11 April 2026  15:21:52 +0000 (0:00:00.092)       0:01:50.264 ******** 

TASK [splunk_common : Apply licenses] ******************************************
[0;36mincluded: /opt/ansible/roles/splunk_common/tasks/apply_licenses.yml for localhost => (item=splunk.lic)[0m
Saturday 11 April 2026  15:21:52 +0000 (0:00:00.091)       0:01:50.355 ******** 
Saturday 11 April 2026  15:21:52 +0000 (0:00:00.063)       0:01:50.419 ******** 
Saturday 11 April 2026  15:21:52 +0000 (0:00:00.063)       0:01:50.482 ******** 
Saturday 11 April 2026  15:21:52 +0000 (0:00:00.044)       0:01:50.528 ******** 

TASK [splunk_common : include_tasks] *******************************************
[0;36mincluded: /opt/ansible/roles/splunk_common/tasks/licenses/add_license.yml for localhost => (item=(censored due to no_log))[0m
Saturday 11 April 2026  15:21:52 +0000 (0:00:00.084)       0:01:50.612 ******** 
Saturday 11 April 2026  15:21:52 +0000 (0:00:00.050)       0:01:50.663 ******** 

TASK [splunk_common : Ensure license path] *************************************
[0;32mok: [localhost][0m
Saturday 11 April 2026  15:21:53 +0000 (0:00:00.712)       0:01:51.375 ******** 
Saturday 11 April 2026  15:21:53 +0000 (0:00:00.123)       0:01:51.499 ******** 
[0;35m[DEPRECATION WARNING]: Conditional result at location [0m
[0;35m/opt/ansible/roles/splunk_common/tasks/add_splunk_license.yml 25:7 was of type [0m
[0;35m'str'. Conditional results should only be True or False. The result was [0m
[0;35minterpreted as False. This feature will be removed in version 2.19. Deprecation[0m
[0;35m warnings can be disabled by setting deprecation_warnings=False in ansible.cfg.[0m
Saturday 11 April 2026  15:21:53 +0000 (0:00:00.094)       0:01:51.594 ******** 
Saturday 11 April 2026  15:21:53 +0000 (0:00:00.017)       0:01:51.611 ******** 
Saturday 11 April 2026  15:21:53 +0000 (0:00:00.124)       0:01:51.735 ******** 
Saturday 11 April 2026  15:21:53 +0000 (0:00:00.082)       0:01:51.817 ******** 
Saturday 11 April 2026  15:21:53 +0000 (0:00:00.093)       0:01:51.911 ******** 

TASK [splunk_standalone : include_tasks] ***************************************
[0;36mincluded: /opt/ansible/roles/splunk_standalone/tasks/../../splunk_common/tasks/set_as_hec_receiver.yml for localhost[0m
Saturday 11 April 2026  15:21:53 +0000 (0:00:00.072)       0:01:51.983 ******** 

TASK [splunk_standalone : Get existing HEC token] ******************************
[0;33mchanged: [localhost][0m
Saturday 11 April 2026  15:21:56 +0000 (0:00:02.607)       0:01:54.591 ******** 

TASK [splunk_standalone : Attempt] *********************************************
[0;32mok: [localhost] => {}[0m
[0;32m[0m
[0;32mMSG:[0m
[0;32m[0m
[0;32m404[0m
Saturday 11 April 2026  15:21:56 +0000 (0:00:00.109)       0:01:54.701 ******** 
Saturday 11 April 2026  15:21:56 +0000 (0:00:00.086)       0:01:54.787 ******** 
Saturday 11 April 2026  15:21:56 +0000 (0:00:00.070)       0:01:54.857 ******** 

TASK [splunk_standalone : Setup global HEC] ************************************
[0;33mchanged: [localhost][0m
Saturday 11 April 2026  15:21:58 +0000 (0:00:02.220)       0:01:57.077 ******** 
Saturday 11 April 2026  15:21:59 +0000 (0:00:00.084)       0:01:57.169 ******** 
Saturday 11 April 2026  15:21:59 +0000 (0:00:00.131)       0:01:57.300 ******** 
Saturday 11 April 2026  15:21:59 +0000 (0:00:00.143)       0:01:57.444 ******** 
Saturday 11 April 2026  15:21:59 +0000 (0:00:00.134)       0:01:57.579 ******** 
Saturday 11 April 2026  15:21:59 +0000 (0:00:00.137)       0:01:57.716 ******** 
[0;35m[DEPRECATION WARNING]: Conditional result at location [0m
[0;35m/opt/ansible/roles/splunk_standalone/tasks/main.yml 39:7 was of type 'list'. [0m
[0;35mConditional results should only be True or False. The result was interpreted as[0m
[0;35m False. This feature will be removed in version 2.19. Deprecation warnings can [0m
[0;35mbe disabled by setting deprecation_warnings=False in ansible.cfg.[0m
Saturday 11 April 2026  15:21:59 +0000 (0:00:00.067)       0:01:57.784 ******** 
Saturday 11 April 2026  15:21:59 +0000 (0:00:00.078)       0:01:57.863 ******** 
Saturday 11 April 2026  15:21:59 +0000 (0:00:00.192)       0:01:58.055 ******** 

TASK [splunk_standalone : include_tasks] ***************************************
[0;36mincluded: /opt/ansible/roles/splunk_standalone/tasks/../../splunk_common/tasks/check_for_required_restarts.yml for localhost[0m
Saturday 11 April 2026  15:22:00 +0000 (0:00:00.098)       0:01:58.154 ******** 

TASK [splunk_standalone : Check for required restarts] *************************
[0;32mok: [localhost][0m
Saturday 11 April 2026  15:22:02 +0000 (0:00:01.990)       0:02:00.144 ******** 
Saturday 11 April 2026  15:22:02 +0000 (0:00:00.036)       0:02:00.181 ******** 

TASK [Check all instances for required restarts] *******************************
[0;36mincluded: /opt/ansible/roles/splunk_common/tasks/check_for_required_restarts.yml for localhost[0m
Saturday 11 April 2026  15:22:02 +0000 (0:00:00.072)       0:02:00.253 ******** 

TASK [Check for required restarts] *********************************************
[0;32mok: [localhost][0m
Saturday 11 April 2026  15:22:05 +0000 (0:00:03.149)       0:02:03.403 ******** 

PLAY RECAP *********************************************************************
[0;33mlocalhost[0m                  : [0;32mok=83  [0m [0;33mchanged=11  [0m unreachable=0    failed=0    [0;36mskipped=83  [0m rescued=0    ignored=0   

Saturday 11 April 2026  15:22:05 +0000 (0:00:00.006)       0:02:03.410 ******** 
=============================================================================== 
splunk_common : Start Splunk via CLI ----------------------------------- 62.50s
splunk_common : Update /opt/splunk/etc ---------------------------------- 5.03s
Gathering Facts --------------------------------------------------------- 4.21s
splunk_common : Get Splunk status --------------------------------------- 3.59s
splunk_common : Update Splunk directory owner --------------------------- 3.46s
Check for required restarts --------------------------------------------- 3.15s
splunk_standalone : Get existing HEC token ------------------------------ 2.61s
splunk_common : Test basic https endpoint ------------------------------- 2.54s
splunk_standalone : Setup global HEC ------------------------------------ 2.22s
splunk_common : Check if requests_unixsocket exists --------------------- 2.11s
splunk_common : Hash the password --------------------------------------- 2.02s
splunk_standalone : Check for required restarts ------------------------- 1.99s
splunk_common : Check if UDS file exists -------------------------------- 1.88s
splunk_common : Generate user-seed.conf (Linux) ------------------------- 1.56s
splunk_common : Wait for splunkd management port ------------------------ 1.36s
splunk_common : Cleanup Splunk runtime files ---------------------------- 1.10s
splunk_common : Remove user-seed.conf ----------------------------------- 0.96s
splunk_common : Create .ui_login ---------------------------------------- 0.74s
splunk_common : Ensure license path ------------------------------------- 0.71s
splunk_common : Find manifests ------------------------------------------ 0.68s
===============================================================================

Ansible playbook complete, will begin streaming splunkd_stderr.log